<?xml version="1.0" encoding="UTF-8"?>
<testng-results skipped="0" failed="0" ignored="0" total="1" passed="1">
  <reporter-output>
  </reporter-output>
  <suite name="Surefire suite" duration-ms="17255" started-at="2023-05-25T16:34:11 IST" finished-at="2023-05-25T16:34:28 IST">
    <groups>
    </groups>
    <test name="Surefire test" duration-ms="17255" started-at="2023-05-25T16:34:11 IST" finished-at="2023-05-25T16:34:28 IST">
      <class name="org.example.AppTest">
        <test-method status="PASS" signature="abc()[pri:0, instance:org.example.AppTest@1e6d1014]" name="abc" duration-ms="17234" started-at="2023-05-25T16:34:11 IST" finished-at="2023-05-25T16:34:28 IST">
          <reporter-output>
          </reporter-output>
        </test-method> <!-- abc -->
      </class> <!-- org.example.AppTest -->
    </test> <!-- Surefire test -->
  </suite> <!-- Surefire suite -->
</testng-results>
